0 info it worked if it ends with ok
1 verbose cli [ 'C:\\Program Files\\nodejs\\node.exe',
1 verbose cli   'C:\\Users\\Abdou\\AppData\\Roaming\\npm\\node_modules\\npm\\bin\\npm-cli.js',
1 verbose cli   'run',
1 verbose cli   'release' ]
2 info using npm@3.10.9
3 info using node@v7.3.0
4 verbose run-script [ 'prerelease', 'release', 'postrelease' ]
5 info lifecycle sensitive-word@1.0.0~prerelease: sensitive-word@1.0.0
6 silly lifecycle sensitive-word@1.0.0~prerelease: no script for prerelease, continuing
7 info lifecycle sensitive-word@1.0.0~release: sensitive-word@1.0.0
8 verbose lifecycle sensitive-word@1.0.0~release: unsafe-perm in lifecycle true
9 verbose lifecycle sensitive-word@1.0.0~release: PATH: C:\Users\Abdou\AppData\Roaming\npm\node_modules\npm\bin\node-gyp-bin;C:\Users\Abdou\Desktop\sensitive-word\node_modules\.bin;C:\Users\Abdou\bin;C:\Program Files\Git\mingw64\bin;C:\Program Files\Git\usr\local\bin;C:\Program Files\Git\usr\bin;C:\Program Files\Git\usr\bin;C:\Program Files\Git\mingw64\bin;C:\Program Files\Git\usr\bin;C:\Users\Abdou\bin;C:\ProgramData\Oracle\Java\javapath;C:\Windows\system32;C:\Windows;C:\Windows\System32\Wbem;C:\Windows\System32\WindowsPowerShell\v1.0;C:\Program Files\Microsoft SQL Server\Client SDK\ODBC\110\Tools\Binn;C:\Program Files (x86)\Microsoft SQL Server\120\Tools\Binn;C:\Program Files\Microsoft SQL Server\120\Tools\Binn;C:\Program Files\Microsoft SQL Server\120\DTS\Binn;C:\Program Files (x86)\Microsoft SQL Server\120\DTS\Binn;C:\Program Files (x86)\Microsoft SQL Server\Client SDK\ODBC\110\Tools\Binn;C:\Program Files (x86)\Microsoft SQL Server\120\Tools\Binn\ManagementStudio;C:\Windows\system32\config\systemprofile\.dnx\bin;C:\Program Files\Microsoft DNX\Dnvm;C:\Program Files\Microsoft SQL Server\130\Tools\Binn;C:\Program Files\Git\cmd;C:\Program Files (x86)\Skype\Phone;C:\Program Files (x86)\Yarn\bin;C:\ProgramData\chocolatey\bin;C:\Program Files\nodejs;C:\Users\Abdou\Desktop\Abdou\SDK Android\adt-bundle-windows-x86_64-20140702\sdk\platform-tools;C:\Users\Abdou\Desktop\Abdou\SDK Android\adt-bundle-windows-x86_64-20140702\sdk\tools;C:\Users\Abdou\AppData\Local\Yarn\.bin;C:\Users\Abdou\AppData\Roaming\npm;C:\Program Files\Git\usr\bin\vendor_perl;C:\Program Files\Git\usr\bin\core_perl
10 verbose lifecycle sensitive-word@1.0.0~release: CWD: C:\Users\Abdou\Desktop\sensitive-word
11 silly lifecycle sensitive-word@1.0.0~release: Args: [ '/d /s /c', 'np' ]
12 silly lifecycle sensitive-word@1.0.0~release: Returned: code: 1  signal: null
13 info lifecycle sensitive-word@1.0.0~release: Failed to exec release script
14 verbose stack Error: sensitive-word@1.0.0 release: `np`
14 verbose stack Exit status 1
14 verbose stack     at EventEmitter.<anonymous> (C:\Users\Abdou\AppData\Roaming\npm\node_modules\npm\lib\utils\lifecycle.js:255:16)
14 verbose stack     at emitTwo (events.js:106:13)
14 verbose stack     at EventEmitter.emit (events.js:191:7)
14 verbose stack     at ChildProcess.<anonymous> (C:\Users\Abdou\AppData\Roaming\npm\node_modules\npm\lib\utils\spawn.js:40:14)
14 verbose stack     at emitTwo (events.js:106:13)
14 verbose stack     at ChildProcess.emit (events.js:191:7)
14 verbose stack     at maybeClose (internal/child_process.js:885:16)
14 verbose stack     at Process.ChildProcess._handle.onexit (internal/child_process.js:226:5)
15 verbose pkgid sensitive-word@1.0.0
16 verbose cwd C:\Users\Abdou\Desktop\sensitive-word
17 error Windows_NT 10.0.10586
18 error argv "C:\\Program Files\\nodejs\\node.exe" "C:\\Users\\Abdou\\AppData\\Roaming\\npm\\node_modules\\npm\\bin\\npm-cli.js" "run" "release"
19 error node v7.3.0
20 error npm  v3.10.9
21 error code ELIFECYCLE
22 error sensitive-word@1.0.0 release: `np`
22 error Exit status 1
23 error Failed at the sensitive-word@1.0.0 release script 'np'.
23 error Make sure you have the latest version of node.js and npm installed.
23 error If you do, this is most likely a problem with the sensitive-word package,
23 error not with npm itself.
23 error Tell the author that this fails on your system:
23 error     np
23 error You can get information on how to open an issue for this project with:
23 error     npm bugs sensitive-word
23 error Or if that isn't available, you can get their info via:
23 error     npm owner ls sensitive-word
23 error There is likely additional logging output above.
24 verbose exit [ 1, true ]
